/LUSTRE/Genetica/valeria/miniconda3/envs/quast/lib/python3.6/site-packages/quast-5.0.2-py3.6.egg-info/scripts/quast.py -t 4 ../data/assembly/DPVR10_S188_assembly/transcripts.fasta -o ../data/reports/assembly/DPVR10_S188

Version: 5.0.2

System information:
  OS: Linux-4.19.0-17-amd64-x86_64-with-debian-10.10 (linux_64)
  Python version: 3.6.13
  CPUs number: 32

Started: 2021-10-02 01:56:26

Logging to /LUSTRE/Genetica/valeria/Abies_fungal_endophytes/data/reports/assembly/DPVR10_S188/quast.log

CWD: /LUSTRE/Genetica/valeria/Abies_fungal_endophytes/bin
Main parameters: 
  MODE: default, threads: 4, minimum contig length: 500, minimum alignment length: 65, \
  ambiguity: one, threshold for extensive misassembly size: 1000

Contigs:
  Pre-processing...
  ../data/assembly/DPVR10_S188_assembly/transcripts.fasta ==> transcripts

2021-10-02 01:56:35
Running Basic statistics processor...
  Contig files: 
    transcripts
  Calculating N50 and L50...
    transcripts, N50 = 793, L50 = 1908, Total length = 4531975, GC % = 49.35, # N's per 100 kbp =  69.95
  Drawing Nx plot...
    saved to /LUSTRE/Genetica/valeria/Abies_fungal_endophytes/data/reports/assembly/DPVR10_S188/basic_stats/Nx_plot.pdf
  Drawing cumulative plot...
    saved to /LUSTRE/Genetica/valeria/Abies_fungal_endophytes/data/reports/assembly/DPVR10_S188/basic_stats/cumulative_plot.pdf
  Drawing GC content plot...
    saved to /LUSTRE/Genetica/valeria/Abies_fungal_endophytes/data/reports/assembly/DPVR10_S188/basic_stats/GC_content_plot.pdf
  Drawing transcripts GC content plot...
    saved to /LUSTRE/Genetica/valeria/Abies_fungal_endophytes/data/reports/assembly/DPVR10_S188/basic_stats/transcripts_GC_content_plot.pdf
  Drawing Coverage histogram (bin size: 1x)...
    saved to /LUSTRE/Genetica/valeria/Abies_fungal_endophytes/data/reports/assembly/DPVR10_S188/basic_stats/coverage_histogram.pdf
  Drawing transcripts coverage histogram (bin size: 1x)...
    saved to /LUSTRE/Genetica/valeria/Abies_fungal_endophytes/data/reports/assembly/DPVR10_S188/basic_stats/transcripts_coverage_histogram.pdf
Done.

NOTICE: Genes are not predicted by default. Use --gene-finding or --glimmer option to enable it.

2021-10-02 01:56:38
Creating large visual summaries...
This may take a while: press Ctrl-C to skip this step..
  1 of 2: Creating Icarus viewers...
  2 of 2: Creating PDF with all tables and plots...
Done

2021-10-02 01:56:40
RESULTS:
  Text versions of total report are saved to /LUSTRE/Genetica/valeria/Abies_fungal_endophytes/data/reports/assembly/DPVR10_S188/report.txt, report.tsv, and report.tex
  Text versions of transposed total report are saved to /LUSTRE/Genetica/valeria/Abies_fungal_endophytes/data/reports/assembly/DPVR10_S188/transposed_report.txt, transposed_report.tsv, and transposed_report.tex
  HTML version (interactive tables and plots) is saved to /LUSTRE/Genetica/valeria/Abies_fungal_endophytes/data/reports/assembly/DPVR10_S188/report.html
  PDF version (tables and plots) is saved to /LUSTRE/Genetica/valeria/Abies_fungal_endophytes/data/reports/assembly/DPVR10_S188/report.pdf
  Icarus (contig browser) is saved to /LUSTRE/Genetica/valeria/Abies_fungal_endophytes/data/reports/assembly/DPVR10_S188/icarus.html
  Log is saved to /LUSTRE/Genetica/valeria/Abies_fungal_endophytes/data/reports/assembly/DPVR10_S188/quast.log

Finished: 2021-10-02 01:56:40
Elapsed time: 0:00:13.329617
NOTICEs: 1; WARNINGs: 0; non-fatal ERRORs: 0

Thank you for using QUAST!
/LUSTRE/Genetica/valeria/miniconda3/envs/quast/lib/python3.6/site-packages/quast-5.0.2-py3.6.egg-info/scripts/quast.py -t 4 ../data/assembly/DPVR11_S189_assembly/transcripts.fasta -o ../data/reports/assembly/DPVR11_S189

Version: 5.0.2

System information:
  OS: Linux-4.19.0-17-amd64-x86_64-with-debian-10.10 (linux_64)
  Python version: 3.6.13
  CPUs number: 32

Started: 2021-10-02 01:56:40

Logging to /LUSTRE/Genetica/valeria/Abies_fungal_endophytes/data/reports/assembly/DPVR11_S189/quast.log

CWD: /LUSTRE/Genetica/valeria/Abies_fungal_endophytes/bin
Main parameters: 
  MODE: default, threads: 4, minimum contig length: 500, minimum alignment length: 65, \
  ambiguity: one, threshold for extensive misassembly size: 1000

Contigs:
  Pre-processing...
  ../data/assembly/DPVR11_S189_assembly/transcripts.fasta ==> transcripts

2021-10-02 01:56:46
Running Basic statistics processor...
  Contig files: 
    transcripts
  Calculating N50 and L50...
    transcripts, N50 = 1086, L50 = 6710, Total length = 23980908, GC % = 47.11, # N's per 100 kbp =  16.60
  Drawing Nx plot...
    saved to /LUSTRE/Genetica/valeria/Abies_fungal_endophytes/data/reports/assembly/DPVR11_S189/basic_stats/Nx_plot.pdf
  Drawing cumulative plot...
    saved to /LUSTRE/Genetica/valeria/Abies_fungal_endophytes/data/reports/assembly/DPVR11_S189/basic_stats/cumulative_plot.pdf
  Drawing GC content plot...
    saved to /LUSTRE/Genetica/valeria/Abies_fungal_endophytes/data/reports/assembly/DPVR11_S189/basic_stats/GC_content_plot.pdf
  Drawing transcripts GC content plot...
    saved to /LUSTRE/Genetica/valeria/Abies_fungal_endophytes/data/reports/assembly/DPVR11_S189/basic_stats/transcripts_GC_content_plot.pdf
  Drawing Coverage histogram (bin size: 1x)...
    saved to /LUSTRE/Genetica/valeria/Abies_fungal_endophytes/data/reports/assembly/DPVR11_S189/basic_stats/coverage_histogram.pdf
  Drawing transcripts coverage histogram (bin size: 1x)...
    saved to /LUSTRE/Genetica/valeria/Abies_fungal_endophytes/data/reports/assembly/DPVR11_S189/basic_stats/transcripts_coverage_histogram.pdf
Done.

NOTICE: Genes are not predicted by default. Use --gene-finding or --glimmer option to enable it.

2021-10-02 01:56:50
Creating large visual summaries...
This may take a while: press Ctrl-C to skip this step..
  1 of 2: Creating Icarus viewers...
  2 of 2: Creating PDF with all tables and plots...
Done

2021-10-02 01:56:52
RESULTS:
  Text versions of total report are saved to /LUSTRE/Genetica/valeria/Abies_fungal_endophytes/data/reports/assembly/DPVR11_S189/report.txt, report.tsv, and report.tex
  Text versions of transposed total report are saved to /LUSTRE/Genetica/valeria/Abies_fungal_endophytes/data/reports/assembly/DPVR11_S189/transposed_report.txt, transposed_report.tsv, and transposed_report.tex
  HTML version (interactive tables and plots) is saved to /LUSTRE/Genetica/valeria/Abies_fungal_endophytes/data/reports/assembly/DPVR11_S189/report.html
  PDF version (tables and plots) is saved to /LUSTRE/Genetica/valeria/Abies_fungal_endophytes/data/reports/assembly/DPVR11_S189/report.pdf
  Icarus (contig browser) is saved to /LUSTRE/Genetica/valeria/Abies_fungal_endophytes/data/reports/assembly/DPVR11_S189/icarus.html
  Log is saved to /LUSTRE/Genetica/valeria/Abies_fungal_endophytes/data/reports/assembly/DPVR11_S189/quast.log

Finished: 2021-10-02 01:56:52
Elapsed time: 0:00:11.539845
NOTICEs: 1; WARNINGs: 0; non-fatal ERRORs: 0

Thank you for using QUAST!
/LUSTRE/Genetica/valeria/miniconda3/envs/quast/lib/python3.6/site-packages/quast-5.0.2-py3.6.egg-info/scripts/quast.py -t 4 ../data/assembly/DPVR12_S190_assembly/transcripts.fasta -o ../data/reports/assembly/DPVR12_S190

Version: 5.0.2

System information:
  OS: Linux-4.19.0-17-amd64-x86_64-with-debian-10.10 (linux_64)
  Python version: 3.6.13
  CPUs number: 32

Started: 2021-10-02 01:56:52

Logging to /LUSTRE/Genetica/valeria/Abies_fungal_endophytes/data/reports/assembly/DPVR12_S190/quast.log

CWD: /LUSTRE/Genetica/valeria/Abies_fungal_endophytes/bin
Main parameters: 
  MODE: default, threads: 4, minimum contig length: 500, minimum alignment length: 65, \
  ambiguity: one, threshold for extensive misassembly size: 1000

Contigs:
  Pre-processing...
  ../data/assembly/DPVR12_S190_assembly/transcripts.fasta ==> transcripts

2021-10-02 01:56:57
Running Basic statistics processor...
  Contig files: 
    transcripts
  Calculating N50 and L50...
    transcripts, N50 = 953, L50 = 6236, Total length = 18609816, GC % = 48.18, # N's per 100 kbp =  3.87
  Drawing Nx plot...
    saved to /LUSTRE/Genetica/valeria/Abies_fungal_endophytes/data/reports/assembly/DPVR12_S190/basic_stats/Nx_plot.pdf
  Drawing cumulative plot...
    saved to /LUSTRE/Genetica/valeria/Abies_fungal_endophytes/data/reports/assembly/DPVR12_S190/basic_stats/cumulative_plot.pdf
  Drawing GC content plot...
    saved to /LUSTRE/Genetica/valeria/Abies_fungal_endophytes/data/reports/assembly/DPVR12_S190/basic_stats/GC_content_plot.pdf
  Drawing transcripts GC content plot...
    saved to /LUSTRE/Genetica/valeria/Abies_fungal_endophytes/data/reports/assembly/DPVR12_S190/basic_stats/transcripts_GC_content_plot.pdf
  Drawing Coverage histogram (bin size: 1x)...
    saved to /LUSTRE/Genetica/valeria/Abies_fungal_endophytes/data/reports/assembly/DPVR12_S190/basic_stats/coverage_histogram.pdf
  Drawing transcripts coverage histogram (bin size: 1x)...
    saved to /LUSTRE/Genetica/valeria/Abies_fungal_endophytes/data/reports/assembly/DPVR12_S190/basic_stats/transcripts_coverage_histogram.pdf
Done.

NOTICE: Genes are not predicted by default. Use --gene-finding or --glimmer option to enable it.

2021-10-02 01:57:01
Creating large visual summaries...
This may take a while: press Ctrl-C to skip this step..
  1 of 2: Creating Icarus viewers...
  2 of 2: Creating PDF with all tables and plots...
Done

2021-10-02 01:57:02
RESULTS:
  Text versions of total report are saved to /LUSTRE/Genetica/valeria/Abies_fungal_endophytes/data/reports/assembly/DPVR12_S190/report.txt, report.tsv, and report.tex
  Text versions of transposed total report are saved to /LUSTRE/Genetica/valeria/Abies_fungal_endophytes/data/reports/assembly/DPVR12_S190/transposed_report.txt, transposed_report.tsv, and transposed_report.tex
  HTML version (interactive tables and plots) is saved to /LUSTRE/Genetica/valeria/Abies_fungal_endophytes/data/reports/assembly/DPVR12_S190/report.html
  PDF version (tables and plots) is saved to /LUSTRE/Genetica/valeria/Abies_fungal_endophytes/data/reports/assembly/DPVR12_S190/report.pdf
  Icarus (contig browser) is saved to /LUSTRE/Genetica/valeria/Abies_fungal_endophytes/data/reports/assembly/DPVR12_S190/icarus.html
  Log is saved to /LUSTRE/Genetica/valeria/Abies_fungal_endophytes/data/reports/assembly/DPVR12_S190/quast.log

Finished: 2021-10-02 01:57:02
Elapsed time: 0:00:09.963500
NOTICEs: 1; WARNINGs: 0; non-fatal ERRORs: 0

Thank you for using QUAST!
/LUSTRE/Genetica/valeria/miniconda3/envs/quast/lib/python3.6/site-packages/quast-5.0.2-py3.6.egg-info/scripts/quast.py -t 4 ../data/assembly/DPVR13_S191_assembly/transcripts.fasta -o ../data/reports/assembly/DPVR13_S191

Version: 5.0.2

System information:
  OS: Linux-4.19.0-17-amd64-x86_64-with-debian-10.10 (linux_64)
  Python version: 3.6.13
  CPUs number: 32

Started: 2021-10-02 01:57:03

Logging to /LUSTRE/Genetica/valeria/Abies_fungal_endophytes/data/reports/assembly/DPVR13_S191/quast.log

CWD: /LUSTRE/Genetica/valeria/Abies_fungal_endophytes/bin
Main parameters: 
  MODE: default, threads: 4, minimum contig length: 500, minimum alignment length: 65, \
  ambiguity: one, threshold for extensive misassembly size: 1000

Contigs:
  Pre-processing...
  ../data/assembly/DPVR13_S191_assembly/transcripts.fasta ==> transcripts

2021-10-02 01:57:06
Running Basic statistics processor...
  Contig files: 
    transcripts
  Calculating N50 and L50...
    transcripts, N50 = 1122, L50 = 4143, Total length = 15087815, GC % = 49.76, # N's per 100 kbp =  3.91
  Drawing Nx plot...
    saved to /LUSTRE/Genetica/valeria/Abies_fungal_endophytes/data/reports/assembly/DPVR13_S191/basic_stats/Nx_plot.pdf
  Drawing cumulative plot...
    saved to /LUSTRE/Genetica/valeria/Abies_fungal_endophytes/data/reports/assembly/DPVR13_S191/basic_stats/cumulative_plot.pdf
  Drawing GC content plot...
    saved to /LUSTRE/Genetica/valeria/Abies_fungal_endophytes/data/reports/assembly/DPVR13_S191/basic_stats/GC_content_plot.pdf
  Drawing transcripts GC content plot...
    saved to /LUSTRE/Genetica/valeria/Abies_fungal_endophytes/data/reports/assembly/DPVR13_S191/basic_stats/transcripts_GC_content_plot.pdf
  Drawing Coverage histogram (bin size: 1x)...
    saved to /LUSTRE/Genetica/valeria/Abies_fungal_endophytes/data/reports/assembly/DPVR13_S191/basic_stats/coverage_histogram.pdf
  Drawing transcripts coverage histogram (bin size: 1x)...
    saved to /LUSTRE/Genetica/valeria/Abies_fungal_endophytes/data/reports/assembly/DPVR13_S191/basic_stats/transcripts_coverage_histogram.pdf
Done.

NOTICE: Genes are not predicted by default. Use --gene-finding or --glimmer option to enable it.

2021-10-02 01:57:10
Creating large visual summaries...
This may take a while: press Ctrl-C to skip this step..
  1 of 2: Creating Icarus viewers...
  2 of 2: Creating PDF with all tables and plots...
Done

2021-10-02 01:57:11
RESULTS:
  Text versions of total report are saved to /LUSTRE/Genetica/valeria/Abies_fungal_endophytes/data/reports/assembly/DPVR13_S191/report.txt, report.tsv, and report.tex
  Text versions of transposed total report are saved to /LUSTRE/Genetica/valeria/Abies_fungal_endophytes/data/reports/assembly/DPVR13_S191/transposed_report.txt, transposed_report.tsv, and transposed_report.tex
  HTML version (interactive tables and plots) is saved to /LUSTRE/Genetica/valeria/Abies_fungal_endophytes/data/reports/assembly/DPVR13_S191/report.html
  PDF version (tables and plots) is saved to /LUSTRE/Genetica/valeria/Abies_fungal_endophytes/data/reports/assembly/DPVR13_S191/report.pdf
  Icarus (contig browser) is saved to /LUSTRE/Genetica/valeria/Abies_fungal_endophytes/data/reports/assembly/DPVR13_S191/icarus.html
  Log is saved to /LUSTRE/Genetica/valeria/Abies_fungal_endophytes/data/reports/assembly/DPVR13_S191/quast.log

Finished: 2021-10-02 01:57:11
Elapsed time: 0:00:08.477220
NOTICEs: 1; WARNINGs: 0; non-fatal ERRORs: 0

Thank you for using QUAST!
/LUSTRE/Genetica/valeria/miniconda3/envs/quast/lib/python3.6/site-packages/quast-5.0.2-py3.6.egg-info/scripts/quast.py -t 4 ../data/assembly/DPVR14_S192_assembly/transcripts.fasta -o ../data/reports/assembly/DPVR14_S192

Version: 5.0.2

System information:
  OS: Linux-4.19.0-17-amd64-x86_64-with-debian-10.10 (linux_64)
  Python version: 3.6.13
  CPUs number: 32

Started: 2021-10-02 01:57:12

Logging to /LUSTRE/Genetica/valeria/Abies_fungal_endophytes/data/reports/assembly/DPVR14_S192/quast.log

CWD: /LUSTRE/Genetica/valeria/Abies_fungal_endophytes/bin
Main parameters: 
  MODE: default, threads: 4, minimum contig length: 500, minimum alignment length: 65, \
  ambiguity: one, threshold for extensive misassembly size: 1000

Contigs:
  Pre-processing...
  ../data/assembly/DPVR14_S192_assembly/transcripts.fasta ==> transcripts

2021-10-02 01:57:18
Running Basic statistics processor...
  Contig files: 
    transcripts
  Calculating N50 and L50...
    transcripts, N50 = 837, L50 = 8604, Total length = 21665388, GC % = 50.12, # N's per 100 kbp =  3.83
  Drawing Nx plot...
    saved to /LUSTRE/Genetica/valeria/Abies_fungal_endophytes/data/reports/assembly/DPVR14_S192/basic_stats/Nx_plot.pdf
  Drawing cumulative plot...
    saved to /LUSTRE/Genetica/valeria/Abies_fungal_endophytes/data/reports/assembly/DPVR14_S192/basic_stats/cumulative_plot.pdf
  Drawing GC content plot...
    saved to /LUSTRE/Genetica/valeria/Abies_fungal_endophytes/data/reports/assembly/DPVR14_S192/basic_stats/GC_content_plot.pdf
  Drawing transcripts GC content plot...
    saved to /LUSTRE/Genetica/valeria/Abies_fungal_endophytes/data/reports/assembly/DPVR14_S192/basic_stats/transcripts_GC_content_plot.pdf
  Drawing Coverage histogram (bin size: 1x)...
    saved to /LUSTRE/Genetica/valeria/Abies_fungal_endophytes/data/reports/assembly/DPVR14_S192/basic_stats/coverage_histogram.pdf
  Drawing transcripts coverage histogram (bin size: 1x)...
    saved to /LUSTRE/Genetica/valeria/Abies_fungal_endophytes/data/reports/assembly/DPVR14_S192/basic_stats/transcripts_coverage_histogram.pdf
Done.

NOTICE: Genes are not predicted by default. Use --gene-finding or --glimmer option to enable it.

2021-10-02 01:57:23
Creating large visual summaries...
This may take a while: press Ctrl-C to skip this step..
  1 of 2: Creating Icarus viewers...
  2 of 2: Creating PDF with all tables and plots...
Done

2021-10-02 01:57:24
RESULTS:
  Text versions of total report are saved to /LUSTRE/Genetica/valeria/Abies_fungal_endophytes/data/reports/assembly/DPVR14_S192/report.txt, report.tsv, and report.tex
  Text versions of transposed total report are saved to /LUSTRE/Genetica/valeria/Abies_fungal_endophytes/data/reports/assembly/DPVR14_S192/transposed_report.txt, transposed_report.tsv, and transposed_report.tex
  HTML version (interactive tables and plots) is saved to /LUSTRE/Genetica/valeria/Abies_fungal_endophytes/data/reports/assembly/DPVR14_S192/report.html
  PDF version (tables and plots) is saved to /LUSTRE/Genetica/valeria/Abies_fungal_endophytes/data/reports/assembly/DPVR14_S192/report.pdf
  Icarus (contig browser) is saved to /LUSTRE/Genetica/valeria/Abies_fungal_endophytes/data/reports/assembly/DPVR14_S192/icarus.html
  Log is saved to /LUSTRE/Genetica/valeria/Abies_fungal_endophytes/data/reports/assembly/DPVR14_S192/quast.log

Finished: 2021-10-02 01:57:24
Elapsed time: 0:00:12.186577
NOTICEs: 1; WARNINGs: 0; non-fatal ERRORs: 0

Thank you for using QUAST!
/LUSTRE/Genetica/valeria/miniconda3/envs/quast/lib/python3.6/site-packages/quast-5.0.2-py3.6.egg-info/scripts/quast.py -t 4 ../data/assembly/DPVR15_S193_assembly/transcripts.fasta -o ../data/reports/assembly/DPVR15_S193

Version: 5.0.2

System information:
  OS: Linux-4.19.0-17-amd64-x86_64-with-debian-10.10 (linux_64)
  Python version: 3.6.13
  CPUs number: 32

Started: 2021-10-02 01:57:25

Logging to /LUSTRE/Genetica/valeria/Abies_fungal_endophytes/data/reports/assembly/DPVR15_S193/quast.log

CWD: /LUSTRE/Genetica/valeria/Abies_fungal_endophytes/bin
Main parameters: 
  MODE: default, threads: 4, minimum contig length: 500, minimum alignment length: 65, \
  ambiguity: one, threshold for extensive misassembly size: 1000

Contigs:
  Pre-processing...
  ../data/assembly/DPVR15_S193_assembly/transcripts.fasta ==> transcripts

2021-10-02 01:57:28
Running Basic statistics processor...
  Contig files: 
    transcripts
  Calculating N50 and L50...
    transcripts, N50 = 942, L50 = 4021, Total length = 11951555, GC % = 49.35, # N's per 100 kbp =  5.02
  Drawing Nx plot...
    saved to /LUSTRE/Genetica/valeria/Abies_fungal_endophytes/data/reports/assembly/DPVR15_S193/basic_stats/Nx_plot.pdf
  Drawing cumulative plot...
    saved to /LUSTRE/Genetica/valeria/Abies_fungal_endophytes/data/reports/assembly/DPVR15_S193/basic_stats/cumulative_plot.pdf
  Drawing GC content plot...
    saved to /LUSTRE/Genetica/valeria/Abies_fungal_endophytes/data/reports/assembly/DPVR15_S193/basic_stats/GC_content_plot.pdf
  Drawing transcripts GC content plot...
    saved to /LUSTRE/Genetica/valeria/Abies_fungal_endophytes/data/reports/assembly/DPVR15_S193/basic_stats/transcripts_GC_content_plot.pdf
  Drawing Coverage histogram (bin size: 1x)...
    saved to /LUSTRE/Genetica/valeria/Abies_fungal_endophytes/data/reports/assembly/DPVR15_S193/basic_stats/coverage_histogram.pdf
  Drawing transcripts coverage histogram (bin size: 1x)...
    saved to /LUSTRE/Genetica/valeria/Abies_fungal_endophytes/data/reports/assembly/DPVR15_S193/basic_stats/transcripts_coverage_histogram.pdf
Done.

NOTICE: Genes are not predicted by default. Use --gene-finding or --glimmer option to enable it.

2021-10-02 01:57:31
Creating large visual summaries...
This may take a while: press Ctrl-C to skip this step..
  1 of 2: Creating Icarus viewers...
  2 of 2: Creating PDF with all tables and plots...
Done

2021-10-02 01:57:33
RESULTS:
  Text versions of total report are saved to /LUSTRE/Genetica/valeria/Abies_fungal_endophytes/data/reports/assembly/DPVR15_S193/report.txt, report.tsv, and report.tex
  Text versions of transposed total report are saved to /LUSTRE/Genetica/valeria/Abies_fungal_endophytes/data/reports/assembly/DPVR15_S193/transposed_report.txt, transposed_report.tsv, and transposed_report.tex
  HTML version (interactive tables and plots) is saved to /LUSTRE/Genetica/valeria/Abies_fungal_endophytes/data/reports/assembly/DPVR15_S193/report.html
  PDF version (tables and plots) is saved to /LUSTRE/Genetica/valeria/Abies_fungal_endophytes/data/reports/assembly/DPVR15_S193/report.pdf
  Icarus (contig browser) is saved to /LUSTRE/Genetica/valeria/Abies_fungal_endophytes/data/reports/assembly/DPVR15_S193/icarus.html
  Log is saved to /LUSTRE/Genetica/valeria/Abies_fungal_endophytes/data/reports/assembly/DPVR15_S193/quast.log

Finished: 2021-10-02 01:57:33
Elapsed time: 0:00:07.910392
NOTICEs: 1; WARNINGs: 0; non-fatal ERRORs: 0

Thank you for using QUAST!
/LUSTRE/Genetica/valeria/miniconda3/envs/quast/lib/python3.6/site-packages/quast-5.0.2-py3.6.egg-info/scripts/quast.py -t 4 ../data/assembly/DPVR16_S194_assembly/transcripts.fasta -o ../data/reports/assembly/DPVR16_S194

Version: 5.0.2

System information:
  OS: Linux-4.19.0-17-amd64-x86_64-with-debian-10.10 (linux_64)
  Python version: 3.6.13
  CPUs number: 32

Started: 2021-10-02 01:57:33

Logging to /LUSTRE/Genetica/valeria/Abies_fungal_endophytes/data/reports/assembly/DPVR16_S194/quast.log

CWD: /LUSTRE/Genetica/valeria/Abies_fungal_endophytes/bin
Main parameters: 
  MODE: default, threads: 4, minimum contig length: 500, minimum alignment length: 65, \
  ambiguity: one, threshold for extensive misassembly size: 1000

Contigs:
  Pre-processing...
  ../data/assembly/DPVR16_S194_assembly/transcripts.fasta ==> transcripts

2021-10-02 01:57:38
Running Basic statistics processor...
  Contig files: 
    transcripts
  Calculating N50 and L50...
    transcripts, N50 = 1146, L50 = 5330, Total length = 20254735, GC % = 48.69, # N's per 100 kbp =  10.61
  Drawing Nx plot...
    saved to /LUSTRE/Genetica/valeria/Abies_fungal_endophytes/data/reports/assembly/DPVR16_S194/basic_stats/Nx_plot.pdf
  Drawing cumulative plot...
    saved to /LUSTRE/Genetica/valeria/Abies_fungal_endophytes/data/reports/assembly/DPVR16_S194/basic_stats/cumulative_plot.pdf
  Drawing GC content plot...
    saved to /LUSTRE/Genetica/valeria/Abies_fungal_endophytes/data/reports/assembly/DPVR16_S194/basic_stats/GC_content_plot.pdf
  Drawing transcripts GC content plot...
    saved to /LUSTRE/Genetica/valeria/Abies_fungal_endophytes/data/reports/assembly/DPVR16_S194/basic_stats/transcripts_GC_content_plot.pdf
  Drawing Coverage histogram (bin size: 1x)...
    saved to /LUSTRE/Genetica/valeria/Abies_fungal_endophytes/data/reports/assembly/DPVR16_S194/basic_stats/coverage_histogram.pdf
  Drawing transcripts coverage histogram (bin size: 1x)...
    saved to /LUSTRE/Genetica/valeria/Abies_fungal_endophytes/data/reports/assembly/DPVR16_S194/basic_stats/transcripts_coverage_histogram.pdf
Done.

NOTICE: Genes are not predicted by default. Use --gene-finding or --glimmer option to enable it.

2021-10-02 01:57:42
Creating large visual summaries...
This may take a while: press Ctrl-C to skip this step..
  1 of 2: Creating Icarus viewers...
  2 of 2: Creating PDF with all tables and plots...
Done

2021-10-02 01:57:44
RESULTS:
  Text versions of total report are saved to /LUSTRE/Genetica/valeria/Abies_fungal_endophytes/data/reports/assembly/DPVR16_S194/report.txt, report.tsv, and report.tex
  Text versions of transposed total report are saved to /LUSTRE/Genetica/valeria/Abies_fungal_endophytes/data/reports/assembly/DPVR16_S194/transposed_report.txt, transposed_report.tsv, and transposed_report.tex
  HTML version (interactive tables and plots) is saved to /LUSTRE/Genetica/valeria/Abies_fungal_endophytes/data/reports/assembly/DPVR16_S194/report.html
  PDF version (tables and plots) is saved to /LUSTRE/Genetica/valeria/Abies_fungal_endophytes/data/reports/assembly/DPVR16_S194/report.pdf
  Icarus (contig browser) is saved to /LUSTRE/Genetica/valeria/Abies_fungal_endophytes/data/reports/assembly/DPVR16_S194/icarus.html
  Log is saved to /LUSTRE/Genetica/valeria/Abies_fungal_endophytes/data/reports/assembly/DPVR16_S194/quast.log

Finished: 2021-10-02 01:57:44
Elapsed time: 0:00:10.348003
NOTICEs: 1; WARNINGs: 0; non-fatal ERRORs: 0

Thank you for using QUAST!
/LUSTRE/Genetica/valeria/miniconda3/envs/quast/lib/python3.6/site-packages/quast-5.0.2-py3.6.egg-info/scripts/quast.py -t 4 ../data/assembly/DPVR17_S195_assembly/transcripts.fasta -o ../data/reports/assembly/DPVR17_S195

Version: 5.0.2

System information:
  OS: Linux-4.19.0-17-amd64-x86_64-with-debian-10.10 (linux_64)
  Python version: 3.6.13
  CPUs number: 32

Started: 2021-10-02 01:57:44

Logging to /LUSTRE/Genetica/valeria/Abies_fungal_endophytes/data/reports/assembly/DPVR17_S195/quast.log

CWD: /LUSTRE/Genetica/valeria/Abies_fungal_endophytes/bin
Main parameters: 
  MODE: default, threads: 4, minimum contig length: 500, minimum alignment length: 65, \
  ambiguity: one, threshold for extensive misassembly size: 1000

Contigs:
  Pre-processing...
  ../data/assembly/DPVR17_S195_assembly/transcripts.fasta ==> transcripts

2021-10-02 01:57:46
Running Basic statistics processor...
  Contig files: 
    transcripts
  Calculating N50 and L50...
    transcripts, N50 = 828, L50 = 1467, Total length = 3805223, GC % = 40.26, # N's per 100 kbp =  24.70
  Drawing Nx plot...
    saved to /LUSTRE/Genetica/valeria/Abies_fungal_endophytes/data/reports/assembly/DPVR17_S195/basic_stats/Nx_plot.pdf
  Drawing cumulative plot...
    saved to /LUSTRE/Genetica/valeria/Abies_fungal_endophytes/data/reports/assembly/DPVR17_S195/basic_stats/cumulative_plot.pdf
  Drawing GC content plot...
    saved to /LUSTRE/Genetica/valeria/Abies_fungal_endophytes/data/reports/assembly/DPVR17_S195/basic_stats/GC_content_plot.pdf
  Drawing transcripts GC content plot...
    saved to /LUSTRE/Genetica/valeria/Abies_fungal_endophytes/data/reports/assembly/DPVR17_S195/basic_stats/transcripts_GC_content_plot.pdf
  Drawing Coverage histogram (bin size: 1x)...
    saved to /LUSTRE/Genetica/valeria/Abies_fungal_endophytes/data/reports/assembly/DPVR17_S195/basic_stats/coverage_histogram.pdf
  Drawing transcripts coverage histogram (bin size: 1x)...
    saved to /LUSTRE/Genetica/valeria/Abies_fungal_endophytes/data/reports/assembly/DPVR17_S195/basic_stats/transcripts_coverage_histogram.pdf
Done.

NOTICE: Genes are not predicted by default. Use --gene-finding or --glimmer option to enable it.

2021-10-02 01:57:48
Creating large visual summaries...
This may take a while: press Ctrl-C to skip this step..
  1 of 2: Creating Icarus viewers...
  2 of 2: Creating PDF with all tables and plots...
Done

2021-10-02 01:57:49
RESULTS:
  Text versions of total report are saved to /LUSTRE/Genetica/valeria/Abies_fungal_endophytes/data/reports/assembly/DPVR17_S195/report.txt, report.tsv, and report.tex
  Text versions of transposed total report are saved to /LUSTRE/Genetica/valeria/Abies_fungal_endophytes/data/reports/assembly/DPVR17_S195/transposed_report.txt, transposed_report.tsv, and transposed_report.tex
  HTML version (interactive tables and plots) is saved to /LUSTRE/Genetica/valeria/Abies_fungal_endophytes/data/reports/assembly/DPVR17_S195/report.html
  PDF version (tables and plots) is saved to /LUSTRE/Genetica/valeria/Abies_fungal_endophytes/data/reports/assembly/DPVR17_S195/report.pdf
  Icarus (contig browser) is saved to /LUSTRE/Genetica/valeria/Abies_fungal_endophytes/data/reports/assembly/DPVR17_S195/icarus.html
  Log is saved to /LUSTRE/Genetica/valeria/Abies_fungal_endophytes/data/reports/assembly/DPVR17_S195/quast.log

Finished: 2021-10-02 01:57:49
Elapsed time: 0:00:05.334523
NOTICEs: 1; WARNINGs: 0; non-fatal ERRORs: 0

Thank you for using QUAST!
/LUSTRE/Genetica/valeria/miniconda3/envs/quast/lib/python3.6/site-packages/quast-5.0.2-py3.6.egg-info/scripts/quast.py -t 4 ../data/assembly/DPVR18_S196_assembly/transcripts.fasta -o ../data/reports/assembly/DPVR18_S196

Version: 5.0.2

System information:
  OS: Linux-4.19.0-17-amd64-x86_64-with-debian-10.10 (linux_64)
  Python version: 3.6.13
  CPUs number: 32

Started: 2021-10-02 01:57:50

Logging to /LUSTRE/Genetica/valeria/Abies_fungal_endophytes/data/reports/assembly/DPVR18_S196/quast.log

CWD: /LUSTRE/Genetica/valeria/Abies_fungal_endophytes/bin
Main parameters: 
  MODE: default, threads: 4, minimum contig length: 500, minimum alignment length: 65, \
  ambiguity: one, threshold for extensive misassembly size: 1000

Contigs:
  Pre-processing...
