[2021-01-12 22:27:28,285] multiqc                                            [DEBUG  ]  No MultiQC config found: /LUSTRE/Genetica/valeria/miniconda3/envs/multiqc/lib/python2.7/site-packages/multiqc-1.0.dev0-py2.7.egg/multiqc_config.yaml
[2021-01-12 22:27:28,285] multiqc                                            [DEBUG  ]  No MultiQC config found: /LUSTRE/Genetica/valeria/.multiqc_config.yaml
[2021-01-12 22:27:28,285] multiqc                                            [DEBUG  ]  No MultiQC config found: multiqc_config.yaml
[2021-01-12 22:27:28,285] multiqc                                            [DEBUG  ]  Command used: /LUSTRE/Genetica/valeria/miniconda3/envs/multiqc/bin/multiqc ../data/reports/raw -o ../data/reports/raw
[2021-01-12 22:27:28,285] multiqc                                            [DEBUG  ]  Could not connect to multiqc.info for version check
[2021-01-12 22:27:28,286] multiqc                                            [INFO   ]  This is MultiQC v1.0.dev0
[2021-01-12 22:27:28,286] multiqc                                            [DEBUG  ]  Command     : /LUSTRE/Genetica/valeria/miniconda3/envs/multiqc/bin/multiqc ../data/reports/raw -o ../data/reports/raw
[2021-01-12 22:27:28,286] multiqc                                            [DEBUG  ]  Working dir : /LUSTRE/Genetica/valeria/Abies_fungal_endophytes/bin
[2021-01-12 22:27:28,286] multiqc                                            [INFO   ]  Template    : default
[2021-01-12 22:27:28,287] multiqc                                            [INFO   ]  Searching '../data/reports/raw'
[2021-01-12 22:27:28,287] multiqc                                            [DEBUG  ]  Analysing modules: custom_content, peddy, methylQA, qualimap, preseq, quast, rseqc, busco, goleft_indexcov, snpeff, gatk, htseq, bcftools, featureCounts, picard, prokka, samblaster, samtools, bamtools, bismark, hicup, salmon, kallisto, slamdunk, star, tophat, bowtie2, bowtie1, cutadapt, trimmomatic, skewer, fastq_screen, fastqc, clusterflow
[2021-01-12 22:27:28,287] multiqc                                            [DEBUG  ]  Using temporary directory for creating report: /tmp/tmpg2y5Bc
[2021-01-12 22:27:28,960] multiqc.modules.custom_content.custom_content      [DEBUG  ]  No custom content found
[2021-01-12 22:27:28,982] multiqc.modules.peddy.peddy                        [DEBUG  ]  Could not find any reports in ('../data/reports/raw',)
[2021-01-12 22:27:28,991] multiqc.modules.methylQA.methylQA                  [DEBUG  ]  Could not find any reports in ('../data/reports/raw',)
[2021-01-12 22:27:28,999] multiqc.modules.qualimap.QM_BamQC                  [DEBUG  ]  Using default Qualimap thresholds: 1, 5, 10, 30, 50
[2021-01-12 22:27:29,030] multiqc.modules.qualimap.qualimap                  [DEBUG  ]  Could not find any reports in ('../data/reports/raw',)
[2021-01-12 22:27:29,253] multiqc.modules.preseq.preseq                      [DEBUG  ]  Could not find any preseq data in ('../data/reports/raw',)
[2021-01-12 22:27:29,263] multiqc.modules.quast.quast                        [DEBUG  ]  Could not find any reports in ('../data/reports/raw',)
[2021-01-12 22:27:30,066] multiqc.modules.rseqc.rseqc                        [DEBUG  ]  Could not find any reports in ('../data/reports/raw',)
[2021-01-12 22:27:30,079] multiqc.modules.busco.busco                        [DEBUG  ]  Could not find any reports in ('../data/reports/raw',)
[2021-01-12 22:27:30,094] multiqc.modules.goleft_indexcov.goleft_indexcov    [DEBUG  ]  Did not find goleft indexcov outputs in ('../data/reports/raw',)
[2021-01-12 22:27:30,291] multiqc.modules.snpeff.snpeff                      [DEBUG  ]  Could not find any data in ('../data/reports/raw',)
[2021-01-12 22:27:30,492] multiqc.modules.gatk.gatk                          [DEBUG  ]  Could not find any reports in ('../data/reports/raw',)
[2021-01-12 22:27:30,688] multiqc.modules.htseq.htseq                        [DEBUG  ]  Could not find any reports in ('../data/reports/raw',)
[2021-01-12 22:27:30,884] multiqc.modules.bcftools.bcftools                  [DEBUG  ]  Could not find any reports in ('../data/reports/raw',)
[2021-01-12 22:27:30,894] multiqc.modules.featureCounts.feature_counts       [DEBUG  ]  Could not find any reports in ('../data/reports/raw',)
[2021-01-12 22:27:32,854] multiqc.modules.picard.picard                      [DEBUG  ]  Could not find any reports in ('../data/reports/raw',)
[2021-01-12 22:27:32,864] multiqc.modules.prokka.prokka                      [DEBUG  ]  Could not find any Prokka data in ('../data/reports/raw',)
[2021-01-12 22:27:33,062] multiqc.modules.samblaster.samblaster              [DEBUG  ]  Could not find any data in ('../data/reports/raw',)
[2021-01-12 22:27:33,661] multiqc.modules.samtools.samtools                  [DEBUG  ]  Could not find any reports in ('../data/reports/raw',)
[2021-01-12 22:27:33,858] multiqc.modules.bamtools.bamtools                  [DEBUG  ]  Could not find any reports in ('../data/reports/raw',)
[2021-01-12 22:27:33,886] multiqc.modules.bismark.bismark                    [DEBUG  ]  Could not find any reports in ('../data/reports/raw',)
[2021-01-12 22:27:33,895] multiqc.modules.hicup.hicup                        [DEBUG  ]  Could not find any HiCUP data in ('../data/reports/raw',)
[2021-01-12 22:27:33,908] multiqc.modules.salmon.salmon                      [DEBUG  ]  Could not find any Salmon data in ('../data/reports/raw',)
[2021-01-12 22:27:34,109] multiqc.modules.kallisto.kallisto                  [DEBUG  ]  Could not find any reports in ('../data/reports/raw',)
[2021-01-12 22:27:35,255] multiqc.modules.slamdunk.slamdunk                  [DEBUG  ]  No slamdunk reports found.
[2021-01-12 22:27:35,269] multiqc.modules.star.star                          [DEBUG  ]  Could not find any reports in ('../data/reports/raw',)
[2021-01-12 22:27:35,278] multiqc.modules.tophat.tophat                      [DEBUG  ]  Could not find any reports in ('../data/reports/raw',)
[2021-01-12 22:27:35,479] multiqc.modules.bowtie2.bowtie2                    [DEBUG  ]  Could not find any reports in ('../data/reports/raw',)
[2021-01-12 22:27:35,674] multiqc.modules.bowtie1.bowtie1                    [DEBUG  ]  Could not find any reports in ('../data/reports/raw',)
[2021-01-12 22:27:35,871] multiqc.modules.cutadapt.cutadapt                  [DEBUG  ]  Could not find any reports in ('../data/reports/raw',)
[2021-01-12 22:27:36,068] multiqc.modules.trimmomatic.trimmomatic            [DEBUG  ]  Could not find any Trimmomatic data in ('../data/reports/raw',)
[2021-01-12 22:27:36,259] multiqc.modules.skewer.skewer                      [DEBUG  ]  Could not find any data in ('../data/reports/raw',)
[2021-01-12 22:27:36,269] multiqc.modules.fastq_screen.fastq_screen          [DEBUG  ]  Could not find any reports in ('../data/reports/raw',)
[2021-01-12 22:27:39,455] multiqc.modules.fastqc.fastqc                      [INFO   ]  Found 36 reports
[2021-01-12 22:27:40,826] multiqc.modules.clusterflow.clusterflow            [DEBUG  ]  Could not find any reports in ('../data/reports/raw',)
[2021-01-12 22:27:40,830] multiqc                                            [INFO   ]  Report      : ../data/reports/raw/multiqc_report.html
[2021-01-12 22:27:40,831] multiqc                                            [INFO   ]  Data        : ../data/reports/raw/multiqc_data
[2021-01-12 22:27:40,831] multiqc                                            [DEBUG  ]  Moving data file from '/tmp/tmpg2y5Bc/multiqc_data/multiqc_sources.txt' to '../data/reports/raw/multiqc_data'
[2021-01-12 22:27:40,836] multiqc                                            [DEBUG  ]  Moving data file from '/tmp/tmpg2y5Bc/multiqc_data/multiqc_general_stats.txt' to '../data/reports/raw/multiqc_data'
[2021-01-12 22:27:40,841] multiqc                                            [DEBUG  ]  Moving data file from '/tmp/tmpg2y5Bc/multiqc_data/multiqc_fastqc.txt' to '../data/reports/raw/multiqc_data'
[2021-01-12 22:27:41,029] multiqc                                            [INFO   ]  MultiQC complete
